<?xml version="1.0" encoding="UTF-8"?>
<!-- Generated by org.testng.reporters.JUnitReportReporter -->
<testsuite hostname="DELL" failures="0" tests="1" name="login.LoginTests" time="1.041" errors="0" timestamp="17 nov. 2024 20:59:35 GMT" skipped="0">
  <testcase classname="login.LoginTests" name="testSuccessfulLogin" time="1.041"/>
</testsuite> <!-- login.LoginTests -->
