<?xml version="1.0" encoding="UTF-8"?>
<!-- Generated by org.testng.reporters.JUnitReportReporter -->
<testsuite hostname="DELL" failures="0" tests="1" name="dropdown.DropdownTests" time="0.722" errors="0" timestamp="11 fev. 2025 05:14:31 GMT" skipped="0">
  <testcase classname="dropdown.DropdownTests" name="testSelectedOption" time="0.722"/>
</testsuite> <!-- dropdown.DropdownTests -->
